<?xml version="1.0" encoding="UTF-8"?>
<!-- Generated by org.testng.reporters.JUnitReportReporter -->
<testsuite hostname="ZC-Dakshita-Dhaundiyals-MacBook-Pro.local" failures="0" tests="1" name="com.rest.EmpRecordStatusTest" time="0.783" errors="0" timestamp="31 Mar 2022 17:00:00 GMT" skipped="0">
  <testcase classname="com.rest.EmpRecordStatusTest" name="single_employee_record_status_code" time="0.783"/>
</testsuite> <!-- com.rest.EmpRecordStatusTest -->
