<?xml version="1.0" encoding="UTF-8"?>
<!-- Generated by org.testng.reporters.JUnitReportReporter -->
<testsuite hostname="ZC-Dakshita-Dhaundiyals-MacBook-Pro.local" failures="0" tests="1" name="EarthDataTest" time="6.556" errors="0" timestamp="17 May 2022 04:27:15 GMT" skipped="0">
  <testcase classname="EarthDataTest" name="validate_response" time="6.556"/>
</testsuite> <!-- EarthDataTest -->
