<?xml version="1.0" encoding="UTF-8"?>
<!-- Generated by org.testng.reporters.JUnitReportReporter -->
<testsuite hostname="ZC-Dakshita-Dhaundiyals-MacBook-Pro.local" failures="0" tests="2" name="AsteriodApiTest" time="38.009" errors="0" timestamp="17 May 2022 04:27:15 GMT" skipped="0">
  <testcase classname="AsteriodApiTest" name="verify_query_params" time="27.771"/>
  <testcase classname="AsteriodApiTest" name="validate_get_status_code" time="10.238"/>
</testsuite> <!-- AsteriodApiTest -->
