<?xml version="1.0" encoding="UTF-8"?>
<!-- Generated by org.testng.reporters.JUnitReportReporter -->
<testsuite hostname="ZC-Dakshita-Dhaundiyals-MacBook-Pro.local" failures="0" tests="1" name="EmpRecordResponseTest" time="7.490" errors="0" timestamp="31 Mar 2022 17:00:00 GMT" skipped="0">
  <testcase classname="EmpRecordResponseTest" name="employee_record_extract_response" time="7.490"/>
</testsuite> <!-- EmpRecordResponseTest -->
